info it worked if it ends with ok
verbose cli [ 'C:\\Program Files\\nodejs\\\\node.exe',
verbose cli   'C:\\Program Files\\nodejs\\node_modules\\npm\\bin\\npm-cli.js',
verbose cli   'install',
verbose cli   '-d' ]
info using npm@1.1.4
info using node@v0.6.12
verbose C:\Program Files\nodejs\\node.exe node symlink
verbose config file C:\Documents and Settings\Administrator\.npmrc
verbose config file C:\Program Files\nodejs\etc\npmrc
verbose config file C:\Program Files\nodejs\node_modules\npm\npmrc
verbose mkdir done: C:\Documents and Settings\Administrator\Application Data\npm 755
verbose mkdir done: D:\nodejs\express 755
ERR! Couldn't read dependencies.
ERR! Error: ENOENT, no such file or directory 'D:\nodejs\express\package.json'
ERR! You may report this log at:
ERR!     <http://github.com/isaacs/npm/issues>
ERR! or email it to:
ERR!     <npm-@googlegroups.com>
ERR! 
ERR! System Windows_NT 5.1.2600
ERR! command "C:\\Program Files\\nodejs\\\\node.exe" "C:\\Program Files\\nodejs\\node_modules\\npm\\bin\\npm-cli.js" "install" "-d"
ERR! cwd D:\nodejs\express
ERR! node -v v0.6.12
ERR! npm -v 1.1.4
ERR! path D:\nodejs\express\package.json
ERR! code ENOENT
ERR! message ENOENT, no such file or directory 'D:\nodejs\express\package.json'
ERR! errno {}
verbose exit [ 1, true ]
